This file contains any messages produced by compilers while
running configure, to aid debugging if configure makes a mistake.

It was created by Digital_rf configure 1.1.2, which was
generated by GNU Autoconf 2.69.  Invocation command line was

  $ ./configure --no-create --no-recursion

## --------- ##
## Platform. ##
## --------- ##

hostname = j
uname -m = x86_64
uname -r = 3.19.0-25-generic
uname -s = Linux
uname -v = #26~14.04.1-Ubuntu SMP Fri Jul 24 21:16:20 UTC 2015

/usr/bin/uname -p = unknown
/bin/uname -X     = unknown

/bin/arch              = unknown
/usr/bin/arch -k       = unknown
/usr/convex/getsysinfo = unknown
/usr/bin/hostinfo      = unknown
/bin/machine           = unknown
/usr/bin/oslevel       = unknown
/bin/universe          = unknown

PATH: /usr/local/sbin
PATH: /usr/local/bin
PATH: /usr/sbin
PATH: /usr/bin
PATH: /sbin
PATH: /bin
PATH: /usr/games
PATH: /usr/local/games


## ----------- ##
## Core tests. ##
## ----------- ##

configure:2264: checking for a BSD-compatible install
configure:2332: result: /usr/bin/install -c
configure:2343: checking whether build environment is sane
configure:2398: result: yes
configure:2549: checking for a thread-safe mkdir -p
configure:2588: result: /bin/mkdir -p
configure:2595: checking for gawk
configure:2611: found /usr/bin/gawk
configure:2622: result: gawk
configure:2633: checking whether make sets $(MAKE)
configure:2655: result: yes
configure:2684: checking whether make supports nested variables
configure:2701: result: yes
configure:2842: checking for style of include used by make
configure:2870: result: GNU
configure:2941: checking for gcc
configure:2957: found /usr/bin/gcc
configure:2968: result: gcc
configure:3197: checking for C compiler version
configure:3206: gcc --version >&5
gcc (Ubuntu 4.8.4-2ubuntu1~14.04) 4.8.4
Copyright (C) 2013 Free Software Foundation, Inc.
This is free software; see the source for copying conditions.  There is NO
warranty; not even for MERCHANTABILITY or FITNESS FOR A PARTICULAR PURPOSE.

configure:3217: $? = 0
configure:3206: gcc -v >&5
Using built-in specs.
COLLECT_GCC=gcc
COLLECT_LTO_WRAPPER=/usr/lib/gcc/x86_64-linux-gnu/4.8/lto-wrapper
Target: x86_64-linux-gnu
Configured with: ../src/configure -v --with-pkgversion='Ubuntu 4.8.4-2ubuntu1~14.04' --with-bugurl=file:///usr/share/doc/gcc-4.8/README.Bugs --enable-languages=c,c++,java,go,d,fortran,objc,obj-c++ --prefix=/usr --program-suffix=-4.8 --enable-shared --enable-linker-build-id --libexecdir=/usr/lib --without-included-gettext --enable-threads=posix --with-gxx-include-dir=/usr/include/c++/4.8 --libdir=/usr/lib --enable-nls --with-sysroot=/ --enable-clocale=gnu --enable-libstdcxx-debug --enable-libstdcxx-time=yes --enable-gnu-unique-object --disable-libmudflap --enable-plugin --with-system-zlib --disable-browser-plugin --enable-java-awt=gtk --enable-gtk-cairo --with-java-home=/usr/lib/jvm/java-1.5.0-gcj-4.8-amd64/jre --enable-java-home --with-jvm-root-dir=/usr/lib/jvm/java-1.5.0-gcj-4.8-amd64 --with-jvm-jar-dir=/usr/lib/jvm-exports/java-1.5.0-gcj-4.8-amd64 --with-arch-directory=amd64 --with-ecj-jar=/usr/share/java/eclipse-ecj.jar --enable-objc-gc --enable-multiarch --disable-werror --with-arch-32=i686 --with-abi=m64 --with-multilib-list=m32,m64,mx32 --with-tune=generic --enable-checking=release --build=x86_64-linux-gnu --host=x86_64-linux-gnu --target=x86_64-linux-gnu
Thread model: posix
gcc version 4.8.4 (Ubuntu 4.8.4-2ubuntu1~14.04) 
configure:3217: $? = 0
configure:3206: gcc -V >&5
gcc: error: unrecognized command line option '-V'
gcc: fatal error: no input files
compilation terminated.
configure:3217: $? = 4
configure:3206: gcc -qversion >&5
gcc: error: unrecognized command line option '-qversion'
gcc: fatal error: no input files
compilation terminated.
configure:3217: $? = 4
configure:3237: checking whether the C compiler works
configure:3259: gcc    conftest.c  >&5
configure:3263: $? = 0
configure:3311: result: yes
configure:3314: checking for C compiler default output file name
configure:3316: result: a.out
configure:3322: checking for suffix of executables
configure:3329: gcc -o conftest    conftest.c  >&5
configure:3333: $? = 0
configure:3355: result: 
configure:3377: checking whether we are cross compiling
configure:3385: gcc -o conftest    conftest.c  >&5
configure:3389: $? = 0
configure:3396: ./conftest
configure:3400: $? = 0
configure:3415: result: no
configure:3420: checking for suffix of object files
configure:3442: gcc -c   conftest.c >&5
configure:3446: $? = 0
configure:3467: result: o
configure:3471: checking whether we are using the GNU C compiler
configure:3490: gcc -c   conftest.c >&5
configure:3490: $? = 0
configure:3499: result: yes
configure:3508: checking whether gcc accepts -g
configure:3528: gcc -c -g  conftest.c >&5
configure:3528: $? = 0
configure:3569: result: yes
configure:3586: checking for gcc option to accept ISO C89
configure:3649: gcc  -c -g -O2  conftest.c >&5
configure:3649: $? = 0
configure:3662: result: none needed
configure:3687: checking whether gcc understands -c and -o together
configure:3709: gcc -c conftest.c -o conftest2.o
configure:3712: $? = 0
configure:3709: gcc -c conftest.c -o conftest2.o
configure:3712: $? = 0
configure:3724: result: yes
configure:3743: checking dependency style of gcc
configure:3854: result: gcc3
configure:3919: checking for ar
configure:3935: found /usr/bin/ar
configure:3946: result: ar
configure:3972: checking the archiver (ar) interface
configure:3988: gcc -c -g -O2  conftest.c >&5
configure:3988: $? = 0
configure:3990: ar cru libconftest.a conftest.o >&5
configure:3993: $? = 0
configure:4021: result: ar
configure:4090: checking for gcc
configure:4117: result: gcc
configure:4346: checking for C compiler version
configure:4355: gcc --version >&5
gcc (Ubuntu 4.8.4-2ubuntu1~14.04) 4.8.4
Copyright (C) 2013 Free Software Foundation, Inc.
This is free software; see the source for copying conditions.  There is NO
warranty; not even for MERCHANTABILITY or FITNESS FOR A PARTICULAR PURPOSE.

configure:4366: $? = 0
configure:4355: gcc -v >&5
Using built-in specs.
COLLECT_GCC=gcc
COLLECT_LTO_WRAPPER=/usr/lib/gcc/x86_64-linux-gnu/4.8/lto-wrapper
Target: x86_64-linux-gnu
Configured with: ../src/configure -v --with-pkgversion='Ubuntu 4.8.4-2ubuntu1~14.04' --with-bugurl=file:///usr/share/doc/gcc-4.8/README.Bugs --enable-languages=c,c++,java,go,d,fortran,objc,obj-c++ --prefix=/usr --program-suffix=-4.8 --enable-shared --enable-linker-build-id --libexecdir=/usr/lib --without-included-gettext --enable-threads=posix --with-gxx-include-dir=/usr/include/c++/4.8 --libdir=/usr/lib --enable-nls --with-sysroot=/ --enable-clocale=gnu --enable-libstdcxx-debug --enable-libstdcxx-time=yes --enable-gnu-unique-object --disable-libmudflap --enable-plugin --with-system-zlib --disable-browser-plugin --enable-java-awt=gtk --enable-gtk-cairo --with-java-home=/usr/lib/jvm/java-1.5.0-gcj-4.8-amd64/jre --enable-java-home --with-jvm-root-dir=/usr/lib/jvm/java-1.5.0-gcj-4.8-amd64 --with-jvm-jar-dir=/usr/lib/jvm-exports/java-1.5.0-gcj-4.8-amd64 --with-arch-directory=amd64 --with-ecj-jar=/usr/share/java/eclipse-ecj.jar --enable-objc-gc --enable-multiarch --disable-werror --with-arch-32=i686 --with-abi=m64 --with-multilib-list=m32,m64,mx32 --with-tune=generic --enable-checking=release --build=x86_64-linux-gnu --host=x86_64-linux-gnu --target=x86_64-linux-gnu
Thread model: posix
gcc version 4.8.4 (Ubuntu 4.8.4-2ubuntu1~14.04) 
configure:4366: $? = 0
configure:4355: gcc -V >&5
gcc: error: unrecognized command line option '-V'
gcc: fatal error: no input files
compilation terminated.
configure:4366: $? = 4
configure:4355: gcc -qversion >&5
gcc: error: unrecognized command line option '-qversion'
gcc: fatal error: no input files
compilation terminated.
configure:4366: $? = 4
configure:4370: checking whether we are using the GNU C compiler
configure:4398: result: yes
configure:4407: checking whether gcc accepts -g
configure:4468: result: yes
configure:4485: checking for gcc option to accept ISO C89
configure:4561: result: none needed
configure:4586: checking whether gcc understands -c and -o together
configure:4623: result: yes
configure:4642: checking dependency style of gcc
configure:4753: result: gcc3
configure:4797: checking build system type
configure:4811: result: x86_64-unknown-linux-gnu
configure:4831: checking host system type
configure:4844: result: x86_64-unknown-linux-gnu
configure:4885: checking how to print strings
configure:4912: result: printf
configure:4933: checking for a sed that does not truncate output
configure:4997: result: /bin/sed
configure:5015: checking for grep that handles long lines and -e
configure:5073: result: /bin/grep
configure:5078: checking for egrep
configure:5140: result: /bin/grep -E
configure:5145: checking for fgrep
configure:5207: result: /bin/grep -F
configure:5242: checking for ld used by gcc
configure:5309: result: /usr/bin/ld
configure:5316: checking if the linker (/usr/bin/ld) is GNU ld
configure:5331: result: yes
configure:5343: checking for BSD- or MS-compatible name lister (nm)
configure:5392: result: /usr/bin/nm -B
configure:5522: checking the name lister (/usr/bin/nm -B) interface
configure:5529: gcc -c -g -O2  conftest.c >&5
configure:5532: /usr/bin/nm -B "conftest.o"
configure:5535: output
0000000000000000 B some_variable
configure:5542: result: BSD nm
configure:5545: checking whether ln -s works
configure:5549: result: yes
configure:5557: checking the maximum length of command line arguments
configure:5688: result: 3458764513820540925
configure:5705: checking whether the shell understands some XSI constructs
configure:5715: result: yes
configure:5719: checking whether the shell understands "+="
configure:5725: result: yes
configure:5760: checking how to convert x86_64-unknown-linux-gnu file names to x86_64-unknown-linux-gnu format
configure:5800: result: func_convert_file_noop
configure:5807: checking how to convert x86_64-unknown-linux-gnu file names to toolchain format
configure:5827: result: func_convert_file_noop
configure:5834: checking for /usr/bin/ld option to reload object files
configure:5841: result: -r
configure:5915: checking for objdump
configure:5931: found /usr/bin/objdump
configure:5942: result: objdump
configure:5974: checking how to recognize dependent libraries
configure:6172: result: pass_all
configure:6257: checking for dlltool
configure:6287: result: no
configure:6317: checking how to associate runtime and link libraries
configure:6344: result: printf %s\n
configure:6468: checking for archiver @FILE support
configure:6485: gcc -c -g -O2  conftest.c >&5
configure:6485: $? = 0
configure:6488: ar cru libconftest.a @conftest.lst >&5
configure:6491: $? = 0
configure:6496: ar cru libconftest.a @conftest.lst >&5
ar: conftest.o: No such file or directory
configure:6499: $? = 1
configure:6511: result: @
configure:6569: checking for strip
configure:6585: found /usr/bin/strip
configure:6596: result: strip
configure:6668: checking for ranlib
configure:6684: found /usr/bin/ranlib
configure:6695: result: ranlib
configure:6797: checking command to parse /usr/bin/nm -B output from gcc object
configure:6917: gcc -c -g -O2  conftest.c >&5
configure:6920: $? = 0
configure:6924: /usr/bin/nm -B conftest.o \| sed -n -e 's/^.*[ ]\([ABCDGIRSTW][ABCDGIRSTW]*\)[ ][ ]*\([_A-Za-z][_A-Za-z0-9]*\)$/\1 \2 \2/p' | sed '/ __gnu_lto/d' \> conftest.nm
configure:6927: $? = 0
configure:6993: gcc -o conftest -g -O2   conftest.c conftstm.o >&5
configure:6996: $? = 0
configure:7034: result: ok
configure:7071: checking for sysroot
configure:7101: result: no
configure:7178: gcc -c -g -O2  conftest.c >&5
configure:7181: $? = 0
configure:7370: checking for mt
configure:7386: found /bin/mt
configure:7397: result: mt
configure:7420: checking if mt is a manifest tool
configure:7426: mt '-?'
configure:7434: result: no
configure:8076: checking how to run the C preprocessor
configure:8107: gcc -E  conftest.c
configure:8107: $? = 0
configure:8121: gcc -E  conftest.c
conftest.c:11:28: fatal error: ac_nonexistent.h: No such file or directory
 #include <ac_nonexistent.h>
                            ^
compilation terminated.
configure:8121: $? = 1
configure: failed program was:
| /* confdefs.h */
| #define PACKAGE_NAME "Digital_rf"
| #define PACKAGE_TARNAME "digital_rf"
| #define PACKAGE_VERSION "1.1.2"
| #define PACKAGE_STRING "Digital_rf 1.1.2"
| #define PACKAGE_BUGREPORT "brideout@haystack.mit.edu"
| #define PACKAGE_URL ""
| #define PACKAGE "digital_rf"
| #define VERSION "1.1.2"
| /* end confdefs.h.  */
| #include <ac_nonexistent.h>
configure:8146: result: gcc -E
configure:8166: gcc -E  conftest.c
configure:8166: $? = 0
configure:8180: gcc -E  conftest.c
conftest.c:11:28: fatal error: ac_nonexistent.h: No such file or directory
 #include <ac_nonexistent.h>
                            ^
compilation terminated.
configure:8180: $? = 1
configure: failed program was:
| /* confdefs.h */
| #define PACKAGE_NAME "Digital_rf"
| #define PACKAGE_TARNAME "digital_rf"
| #define PACKAGE_VERSION "1.1.2"
| #define PACKAGE_STRING "Digital_rf 1.1.2"
| #define PACKAGE_BUGREPORT "brideout@haystack.mit.edu"
| #define PACKAGE_URL ""
| #define PACKAGE "digital_rf"
| #define VERSION "1.1.2"
| /* end confdefs.h.  */
| #include <ac_nonexistent.h>
configure:8209: checking for ANSI C header files
configure:8229: gcc -c -g -O2  conftest.c >&5
configure:8229: $? = 0
configure:8302: gcc -o conftest -g -O2   conftest.c  >&5
configure:8302: $? = 0
configure:8302: ./conftest
configure:8302: $? = 0
configure:8313: result: yes
configure:8326: checking for sys/types.h
configure:8326: gcc -c -g -O2  conftest.c >&5
configure:8326: $? = 0
configure:8326: result: yes
configure:8326: checking for sys/stat.h
configure:8326: gcc -c -g -O2  conftest.c >&5
configure:8326: $? = 0
configure:8326: result: yes
configure:8326: checking for stdlib.h
configure:8326: gcc -c -g -O2  conftest.c >&5
configure:8326: $? = 0
configure:8326: result: yes
configure:8326: checking for string.h
configure:8326: gcc -c -g -O2  conftest.c >&5
configure:8326: $? = 0
configure:8326: result: yes
configure:8326: checking for memory.h
configure:8326: gcc -c -g -O2  conftest.c >&5
configure:8326: $? = 0
configure:8326: result: yes
configure:8326: checking for strings.h
configure:8326: gcc -c -g -O2  conftest.c >&5
configure:8326: $? = 0
configure:8326: result: yes
configure:8326: checking for inttypes.h
configure:8326: gcc -c -g -O2  conftest.c >&5
configure:8326: $? = 0
configure:8326: result: yes
configure:8326: checking for stdint.h
configure:8326: gcc -c -g -O2  conftest.c >&5
configure:8326: $? = 0
configure:8326: result: yes
configure:8326: checking for unistd.h
configure:8326: gcc -c -g -O2  conftest.c >&5
configure:8326: $? = 0
configure:8326: result: yes
configure:8340: checking for dlfcn.h
configure:8340: gcc -c -g -O2  conftest.c >&5
configure:8340: $? = 0
configure:8340: result: yes
configure:8546: checking for objdir
configure:8561: result: .libs
configure:8832: checking if gcc supports -fno-rtti -fno-exceptions
configure:8850: gcc -c -g -O2  -fno-rtti -fno-exceptions conftest.c >&5
cc1: warning: command line option '-fno-rtti' is valid for C++/ObjC++ but not for C [enabled by default]
configure:8854: $? = 0
configure:8867: result: no
configure:9194: checking for gcc option to produce PIC
configure:9201: result: -fPIC -DPIC
configure:9209: checking if gcc PIC flag -fPIC -DPIC works
configure:9227: gcc -c -g -O2  -fPIC -DPIC -DPIC conftest.c >&5
configure:9231: $? = 0
configure:9244: result: yes
configure:9273: checking if gcc static flag -static works
configure:9301: result: yes
configure:9316: checking if gcc supports -c -o file.o
configure:9337: gcc -c -g -O2  -o out/conftest2.o conftest.c >&5
configure:9341: $? = 0
configure:9363: result: yes
configure:9371: checking if gcc supports -c -o file.o
configure:9418: result: yes
configure:9451: checking whether the gcc linker (/usr/bin/ld -m elf_x86_64) supports shared libraries
configure:10608: result: yes
configure:10645: checking whether -lc should be explicitly linked in
configure:10653: gcc -c -g -O2  conftest.c >&5
configure:10656: $? = 0
configure:10671: gcc -shared  -fPIC -DPIC conftest.o  -v -Wl,-soname -Wl,conftest -o conftest 2\>\&1 \| /bin/grep  -lc  \>/dev/null 2\>\&1
configure:10674: $? = 0
configure:10688: result: no
configure:10848: checking dynamic linker characteristics
configure:11348: gcc -o conftest -g -O2   -Wl,-rpath -Wl,/foo conftest.c  >&5
configure:11348: $? = 0
configure:11582: result: GNU/Linux ld.so
configure:11689: checking how to hardcode library paths into programs
configure:11714: result: immediate
configure:12254: checking whether stripping libraries is possible
configure:12259: result: yes
configure:12294: checking if libtool supports shared libraries
configure:12296: result: yes
configure:12299: checking whether to build shared libraries
configure:12320: result: yes
configure:12323: checking whether to build static libraries
configure:12327: result: yes
configure:12508: checking for h5cc
configure:12526: found /usr/bin/h5cc
configure:12538: result: /usr/bin/h5cc
configure:12555: checking for HDF5 libraries
configure:12609: result: yes (version 1.8.11)
configure:12626: checking hdf5.h usability
configure:12626: /usr/bin/cc -c -g -O2 -I/usr/include conftest.c >&5
configure:12626: $? = 0
configure:12626: result: yes
configure:12626: checking hdf5.h presence
configure:12626: gcc -E -I/usr/include conftest.c
configure:12626: $? = 0
configure:12626: result: yes
configure:12626: checking for hdf5.h
configure:12626: result: yes
configure:12634: checking for H5Fcreate in -lhdf5
configure:12659: /usr/bin/cc -o conftest -g -O2 -I/usr/include -L/usr/lib/x86_64-linux-gnu  conftest.c -lhdf5  -lm -ldl -lz -lpthread  -lhdf5 >&5
configure:12659: $? = 0
configure:12668: result: yes
configure:12680: checking for main in -lhdf5_hl
configure:12699: /usr/bin/cc -o conftest -g -O2 -I/usr/include -L/usr/lib/x86_64-linux-gnu  conftest.c -lhdf5_hl  -lm -ldl -lz -lpthread  -lhdf5 >&5
configure:12699: $? = 0
configure:12708: result: yes
configure:12727: checking for matching HDF5 Fortran wrapper
configure:12731: result: /usr/bin/h5fc
configure:12907: checking that generated files are newer than configure
configure:12913: result: done
configure:12940: creating ./config.status

## ---------------- ##
## Cache variables. ##
## ---------------- ##

ac_cv_build=x86_64-unknown-linux-gnu
ac_cv_c_compiler_gnu=yes
ac_cv_env_CC_set=
ac_cv_env_CC_value=
ac_cv_env_CFLAGS_set=
ac_cv_env_CFLAGS_value=
ac_cv_env_CPPFLAGS_set=
ac_cv_env_CPPFLAGS_value=
ac_cv_env_CPP_set=
ac_cv_env_CPP_value=
ac_cv_env_LDFLAGS_set=
ac_cv_env_LDFLAGS_value=
ac_cv_env_LIBS_set=
ac_cv_env_LIBS_value=
ac_cv_env_build_alias_set=
ac_cv_env_build_alias_value=
ac_cv_env_host_alias_set=
ac_cv_env_host_alias_value=
ac_cv_env_target_alias_set=
ac_cv_env_target_alias_value=
ac_cv_hadf5_h=yes
ac_cv_header_dlfcn_h=yes
ac_cv_header_hdf5_h=yes
ac_cv_header_inttypes_h=yes
ac_cv_header_memory_h=yes
ac_cv_header_stdc=yes
ac_cv_header_stdint_h=yes
ac_cv_header_stdlib_h=yes
ac_cv_header_string_h=yes
ac_cv_header_strings_h=yes
ac_cv_header_sys_stat_h=yes
ac_cv_header_sys_types_h=yes
ac_cv_header_unistd_h=yes
ac_cv_host=x86_64-unknown-linux-gnu
ac_cv_lib_hdf5_H5Fcreate=yes
ac_cv_lib_hdf5_hl=ac_cv_lib_hdf5_hl_main
ac_cv_lib_hdf5_hl_main=yes
ac_cv_libhdf5=yes
ac_cv_objext=o
ac_cv_path_EGREP='/bin/grep -E'
ac_cv_path_FGREP='/bin/grep -F'
ac_cv_path_GREP=/bin/grep
ac_cv_path_H5CC=/usr/bin/h5cc
ac_cv_path_SED=/bin/sed
ac_cv_path_install='/usr/bin/install -c'
ac_cv_path_mkdir=/bin/mkdir
ac_cv_prog_AWK=gawk
ac_cv_prog_CPP='gcc -E'
ac_cv_prog_ac_ct_AR=ar
ac_cv_prog_ac_ct_CC=gcc
ac_cv_prog_ac_ct_MANIFEST_TOOL=mt
ac_cv_prog_ac_ct_OBJDUMP=objdump
ac_cv_prog_ac_ct_RANLIB=ranlib
ac_cv_prog_ac_ct_STRIP=strip
ac_cv_prog_cc_c89=
ac_cv_prog_cc_g=yes
ac_cv_prog_make_make_set=yes
am_cv_CC_dependencies_compiler_type=gcc3
am_cv_ar_interface=ar
am_cv_make_support_nested_variables=yes
am_cv_prog_cc_c_o=yes
lt_cv_ar_at_file=@
lt_cv_archive_cmds_need_lc=no
lt_cv_deplibs_check_method=pass_all
lt_cv_file_magic_cmd='$MAGIC_CMD'
lt_cv_file_magic_test_file=
lt_cv_ld_reload_flag=-r
lt_cv_nm_interface='BSD nm'
lt_cv_objdir=.libs
lt_cv_path_LD=/usr/bin/ld
lt_cv_path_NM='/usr/bin/nm -B'
lt_cv_path_mainfest_tool=no
lt_cv_prog_compiler_c_o=yes
lt_cv_prog_compiler_pic='-fPIC -DPIC'
lt_cv_prog_compiler_pic_works=yes
lt_cv_prog_compiler_rtti_exceptions=no
lt_cv_prog_compiler_static_works=yes
lt_cv_prog_gnu_ld=yes
lt_cv_sharedlib_from_linklib_cmd='printf %s\n'
lt_cv_shlibpath_overrides_runpath=no
lt_cv_sys_global_symbol_pipe='sed -n -e '\''s/^.*[	 ]\([ABCDGIRSTW][ABCDGIRSTW]*\)[	 ][	 ]*\([_A-Za-z][_A-Za-z0-9]*\)$/\1 \2 \2/p'\'' | sed '\''/ __gnu_lto/d'\'''
lt_cv_sys_global_symbol_to_c_name_address='sed -n -e '\''s/^: \([^ ]*\)[ ]*$/  {\"\1\", (void *) 0},/p'\'' -e '\''s/^[ABCDGIRSTW]* \([^ ]*\) \([^ ]*\)$/  {"\2", (void *) \&\2},/p'\'''
lt_cv_sys_global_symbol_to_c_name_address_lib_prefix='sed -n -e '\''s/^: \([^ ]*\)[ ]*$/  {\"\1\", (void *) 0},/p'\'' -e '\''s/^[ABCDGIRSTW]* \([^ ]*\) \(lib[^ ]*\)$/  {"\2", (void *) \&\2},/p'\'' -e '\''s/^[ABCDGIRSTW]* \([^ ]*\) \([^ ]*\)$/  {"lib\2", (void *) \&\2},/p'\'''
lt_cv_sys_global_symbol_to_cdecl='sed -n -e '\''s/^T .* \(.*\)$/extern int \1();/p'\'' -e '\''s/^[ABCDGIRSTW]* .* \(.*\)$/extern char \1;/p'\'''
lt_cv_sys_max_cmd_len=3458764513820540925
lt_cv_to_host_file_cmd=func_convert_file_noop
lt_cv_to_tool_file_cmd=func_convert_file_noop

## ----------------- ##
## Output variables. ##
## ----------------- ##

ACLOCAL='${SHELL} /home/j/workspace/digital_rf/trunk/missing aclocal-1.14'
AMDEPBACKSLASH='\'
AMDEP_FALSE='#'
AMDEP_TRUE=''
AMTAR='$${TAR-tar}'
AM_BACKSLASH='\'
AM_CXXFLAGS=''
AM_DEFAULT_V='$(AM_DEFAULT_VERBOSITY)'
AM_DEFAULT_VERBOSITY='1'
AM_LDFLAGS=''
AM_V='$(V)'
AR='ar'
AUTOCONF='${SHELL} /home/j/workspace/digital_rf/trunk/missing autoconf'
AUTOHEADER='${SHELL} /home/j/workspace/digital_rf/trunk/missing autoheader'
AUTOMAKE='${SHELL} /home/j/workspace/digital_rf/trunk/missing automake-1.14'
AWK='gawk'
CC='gcc'
CCDEPMODE='depmode=gcc3'
CFLAGS='-g -O2'
CPP='gcc -E'
CPPFLAGS=''
CYGPATH_W='echo'
DEFS='-DHAVE_CONFIG_H'
DEPDIR='.deps'
DLLTOOL='false'
DSYMUTIL=''
DUMPBIN=''
ECHO_C=''
ECHO_N='-n'
ECHO_T=''
EGREP='/bin/grep -E'
EXEEXT=''
FGREP='/bin/grep -F'
GREP='/bin/grep'
H5CC='/usr/bin/h5cc'
H5FC='/usr/bin/h5fc'
HDF5_CC='/usr/bin/cc'
HDF5_CFLAGS=''
HDF5_CPPFLAGS='-I/usr/include'
HDF5_FC=''
HDF5_FFLAGS='-I/usr/lib/x86_64-linux-gnu -L/usr/lib/x86_64-linux-gnu -I/usr/include '
HDF5_FLIBS=' -lm -ldl -lz -lpthread -lhdf5_fortran -lhdf5 -lhdf5hl_fortran -lhdf5_hl'
HDF5_LDFLAGS='-L/usr/lib/x86_64-linux-gnu '
HDF5_LIBS='-lm -ldl -lz -lpthread  -lhdf5 -lhdf5_hl'
HDF5_VERSION='1.8.11'
INSTALL_DATA='${INSTALL} -m 644'
INSTALL_PROGRAM='${INSTALL}'
INSTALL_SCRIPT='${INSTALL}'
INSTALL_STRIP_PROGRAM='$(install_sh) -c -s'
LD='/usr/bin/ld -m elf_x86_64'
LDFLAGS=''
LIBOBJS=''
LIBS=''
LIBTOOL='$(SHELL) $(top_builddir)/libtool'
LIPO=''
LN_S='ln -s'
LTLIBOBJS=''
MAKEINFO='${SHELL} /home/j/workspace/digital_rf/trunk/missing makeinfo'
MANIFEST_TOOL=':'
MKDIR_P='/bin/mkdir -p'
NM='/usr/bin/nm -B'
NMEDIT=''
OBJDUMP='objdump'
OBJEXT='o'
OTOOL64=''
OTOOL=''
PACKAGE='digital_rf'
PACKAGE_BUGREPORT='brideout@haystack.mit.edu'
PACKAGE_NAME='Digital_rf'
PACKAGE_STRING='Digital_rf 1.1.2'
PACKAGE_TARNAME='digital_rf'
PACKAGE_URL=''
PACKAGE_VERSION='1.1.2'
PATH_SEPARATOR=':'
RANLIB='ranlib'
SED='/bin/sed'
SET_MAKE=''
SHELL='/bin/bash'
STRIP='strip'
VERSION='1.1.2'
ac_ct_AR='ar'
ac_ct_CC='gcc'
ac_ct_DUMPBIN=''
am__EXEEXT_FALSE=''
am__EXEEXT_TRUE='#'
am__fastdepCC_FALSE='#'
am__fastdepCC_TRUE=''
am__include='include'
am__isrc=''
am__leading_dot='.'
am__nodep='_no'
am__quote=''
am__tar='$${TAR-tar} chof - "$$tardir"'
am__untar='$${TAR-tar} xf -'
bindir='${exec_prefix}/bin'
build='x86_64-unknown-linux-gnu'
build_alias=''
build_cpu='x86_64'
build_os='linux-gnu'
build_vendor='unknown'
datadir='${datarootdir}'
datarootdir='${prefix}/share'
docdir='${datarootdir}/doc/${PACKAGE_TARNAME}'
dvidir='${docdir}'
exec_prefix='${prefix}'
host='x86_64-unknown-linux-gnu'
host_alias=''
host_cpu='x86_64'
host_os='linux-gnu'
host_vendor='unknown'
htmldir='${docdir}'
includedir='${prefix}/include'
infodir='${datarootdir}/info'
install_sh='${SHELL} /home/j/workspace/digital_rf/trunk/install-sh'
libdir='${exec_prefix}/lib'
libexecdir='${exec_prefix}/libexec'
localedir='${datarootdir}/locale'
localstatedir='${prefix}/var'
mandir='${datarootdir}/man'
mkdir_p='$(MKDIR_P)'
oldincludedir='/usr/include'
pdfdir='${docdir}'
prefix='/usr/local'
program_transform_name='s,x,x,'
psdir='${docdir}'
sbindir='${exec_prefix}/sbin'
sharedstatedir='${prefix}/com'
sysconfdir='${prefix}/etc'
target_alias=''

## ----------- ##
## confdefs.h. ##
## ----------- ##

/* confdefs.h */
#define PACKAGE_NAME "Digital_rf"
#define PACKAGE_TARNAME "digital_rf"
#define PACKAGE_VERSION "1.1.2"
#define PACKAGE_STRING "Digital_rf 1.1.2"
#define PACKAGE_BUGREPORT "brideout@haystack.mit.edu"
#define PACKAGE_URL ""
#define PACKAGE "digital_rf"
#define VERSION "1.1.2"
#define STDC_HEADERS 1
#define HAVE_SYS_TYPES_H 1
#define HAVE_SYS_STAT_H 1
#define HAVE_STDLIB_H 1
#define HAVE_STRING_H 1
#define HAVE_MEMORY_H 1
#define HAVE_STRINGS_H 1
#define HAVE_INTTYPES_H 1
#define HAVE_STDINT_H 1
#define HAVE_UNISTD_H 1
#define HAVE_DLFCN_H 1
#define LT_OBJDIR ".libs/"
#define HAVE_HDF5 1

configure: exit 0

## ---------------------- ##
## Running config.status. ##
## ---------------------- ##

This file was extended by Digital_rf config.status 1.1.2, which was
generated by GNU Autoconf 2.69.  Invocation command line was

  CONFIG_FILES    = 
  CONFIG_HEADERS  = 
  CONFIG_LINKS    = 
  CONFIG_COMMANDS = 
  $ ./config.status 

on j

config.status:1095: creating Makefile
config.status:1095: creating source/Makefile
config.status:1095: creating config.h
config.status:1324: executing depfiles commands
config.status:1324: executing libtool commands

## ---------------------- ##
## Running config.status. ##
## ---------------------- ##

This file was extended by Digital_rf config.status 1.1.2, which was
generated by GNU Autoconf 2.69.  Invocation command line was

  CONFIG_FILES    = 
  CONFIG_HEADERS  = 
  CONFIG_LINKS    = 
  CONFIG_COMMANDS = 
  $ ./config.status config.h

on j

config.status:1095: creating config.h
